<?xml version="1.0" encoding="UTF-8"?>
<!-- Generated by org.testng.reporters.JUnitXMLReporter -->
<testsuite hostname="DESKTOP-L0JOL9N" name="Default test" tests="1" failures="0" timestamp="7 Apr 2018 12:30:10 GMT" time="0.483" errors="0">
  <testcase name="@BeforeClass setup" time="0.0" classname="org.iit.mmp.admin.tests.AdminTests">
    <failure type="org.testng.TestNGException" message="
Parameter &amp;apos;browserType&amp;apos; is required by @Configuration on method setup but has not been marked @Optional or defined
in C:\Users\sarada\AppData\Local\Temp\testng-eclipse--1774754003\testng-customsuite.xml">
      <![CDATA[org.testng.TestNGException: 
Parameter 'browserType' is required by @Configuration on method setup but has not been marked @Optional or defined
in C:\Users\sarada\AppData\Local\Temp\testng-eclipse--1774754003\testng-customsuite.xml
	at org.testng.internal.Parameters.createParameters(Parameters.java:155)
	at org.testng.internal.Parameters.createParameters(Parameters.java:355)
	at org.testng.internal.Parameters.createConfigurationParameters(Parameters.java:86)
	at org.testng.internal.Invoker.invokeConfigurations(Invoker.java:199)
	at org.testng.internal.Invoker.invokeConfigurations(Invoker.java:138)
	at org.testng.internal.TestMethodWorker.invokeBeforeClassMethods(TestMethodWorker.java:175)
	at org.testng.internal.TestMethodWorker.run(TestMethodWorker.java:107)
	at org.testng.TestRunner.privateRun(TestRunner.java:767)
	at org.testng.TestRunner.run(TestRunner.java:617)
	at org.testng.SuiteRunner.runTest(SuiteRunner.java:334)
	at org.testng.SuiteRunner.runSequentially(SuiteRunner.java:329)
	at org.testng.SuiteRunner.privateRun(SuiteRunner.java:291)
	at org.testng.SuiteRunner.run(SuiteRunner.java:240)
	at org.testng.SuiteRunnerWorker.runSuite(SuiteRunnerWorker.java:52)
	at org.testng.SuiteRunnerWorker.run(SuiteRunnerWorker.java:86)
	at org.testng.TestNG.runSuitesSequentially(TestNG.java:1198)
	at org.testng.TestNG.runSuitesLocally(TestNG.java:1123)
	at org.testng.TestNG.run(TestNG.java:1031)
	at org.testng.remote.AbstractRemoteTestNG.run(AbstractRemoteTestNG.java:114)
	at org.testng.remote.RemoteTestNG.initAndRun(RemoteTestNG.java:251)
	at org.testng.remote.RemoteTestNG.main(RemoteTestNG.java:77)
]]>
    </failure>
  </testcase> <!-- @BeforeClass setup -->
  <testcase name="@AfterClass closeApp" time="0.0" classname="org.iit.mmp.admin.tests.AdminTests">
    <skipped/>
  </testcase> <!-- @AfterClass closeApp -->
  <testcase name="scheduleAppointment" time="0.002" classname="org.iit.mmp.admin.tests.AdminTests">
    <skipped/>
  </testcase> <!-- scheduleAppointment -->
</testsuite> <!-- Default test -->
